0 info it worked if it ends with ok
1 verbose cli [ '/usr/local/bin/node', '/usr/local/bin/npm', 'publish' ]
2 info using npm@3.10.3
3 info using node@v6.5.0
4 verbose publish [ '.' ]
5 silly cache add args [ '.', null ]
6 verbose cache add spec .
7 silly cache add parsed spec Result {
7 silly cache add   raw: '.',
7 silly cache add   scope: null,
7 silly cache add   escapedName: null,
7 silly cache add   name: null,
7 silly cache add   rawSpec: '.',
7 silly cache add   spec: '/Users/jianfulee/Desktop/ysfmodule',
7 silly cache add   type: 'directory' }
8 verbose addLocalDirectory /Users/jianfulee/.npm/ysfmodule/0.0.3/package.tgz not in flight; packing
9 verbose correctMkdir /Users/jianfulee/.npm correctMkdir not in flight; initializing
10 info lifecycle ysfmodule@0.0.3~prepublish: ysfmodule@0.0.3
11 silly lifecycle ysfmodule@0.0.3~prepublish: no script for prepublish, continuing
12 verbose tar pack [ '/Users/jianfulee/.npm/ysfmodule/0.0.3/package.tgz',
12 verbose tar pack   '/Users/jianfulee/Desktop/ysfmodule' ]
13 verbose tarball /Users/jianfulee/.npm/ysfmodule/0.0.3/package.tgz
14 verbose folder /Users/jianfulee/Desktop/ysfmodule
15 verbose addLocalTarball adding from inside cache /Users/jianfulee/.npm/ysfmodule/0.0.3/package.tgz
16 verbose correctMkdir /Users/jianfulee/.npm correctMkdir not in flight; initializing
17 silly cache afterAdd ysfmodule@0.0.3
18 verbose afterAdd /Users/jianfulee/.npm/ysfmodule/0.0.3/package/package.json not in flight; writing
19 verbose correctMkdir /Users/jianfulee/.npm correctMkdir not in flight; initializing
20 verbose afterAdd /Users/jianfulee/.npm/ysfmodule/0.0.3/package/package.json written
21 silly publish { name: 'ysfmodule',
21 silly publish   version: '0.0.3',
21 silly publish   description: '七鱼模块自动化构建工具',
21 silly publish   main: './src/ysfmodule.js',
21 silly publish   scripts: { test: 'echo "Error: no test specified" && exit 1' },
21 silly publish   bin: { ysfmodule: './src/ysfmodule.js' },
21 silly publish   repository:
21 silly publish    { type: 'git',
21 silly publish      url: 'git+https://github.com/NSFA/ysfmodule.git' },
21 silly publish   keyword: [ 'automatic', 'publish', 'NSFA', 'ysfmodule' ],
21 silly publish   author: { name: 'jianfulee' },
21 silly publish   license: 'MIT',
21 silly publish   dependencies:
21 silly publish    { commander: '^2.9.0',
21 silly publish      ejs: '^2.5.2',
21 silly publish      handlebars: '^4.0.5',
21 silly publish      inquirer: '^1.2.1',
21 silly publish      moment: '^2.15.1' },
21 silly publish   bugs: { url: 'https://github.com/NSFA/ysfmodule/issues' },
21 silly publish   readme: '## ysfmodule\n 七鱼前端模块组件自动生成工具\n## 安装方法\n```\nnpm install ysfmodule -g\n```\n## 帮助信息\n```\nysfmodule -h\n```\n### 启动参数\n```\nysfmodule run <moduleName>\n```\n#### 参数moduleName必须用sf-前缀，eg：sf-modal,sf-toast.',
21 silly publish   readmeFilename: 'README.md',
21 silly publish   gitHead: 'ce8222e4f19b55239d83d8cc84e264e6ec6f33b5',
21 silly publish   homepage: 'https://github.com/NSFA/ysfmodule#readme',
21 silly publish   _id: 'ysfmodule@0.0.3',
21 silly publish   _shasum: '68689b30f3ce4859c30f6d6b3527b28b33dfb3c6',
21 silly publish   _from: '.' }
22 verbose getPublishConfig undefined
23 silly mapToRegistry name ysfmodule
24 silly mapToRegistry using default registry
25 silly mapToRegistry registry https://registry.npmjs.org/
26 silly mapToRegistry data Result {
26 silly mapToRegistry   raw: 'ysfmodule',
26 silly mapToRegistry   scope: null,
26 silly mapToRegistry   escapedName: 'ysfmodule',
26 silly mapToRegistry   name: 'ysfmodule',
26 silly mapToRegistry   rawSpec: '',
26 silly mapToRegistry   spec: 'latest',
26 silly mapToRegistry   type: 'tag' }
27 silly mapToRegistry uri https://registry.npmjs.org/ysfmodule
28 verbose publish registryBase https://registry.npmjs.org/
29 silly publish uploading /Users/jianfulee/.npm/ysfmodule/0.0.3/package.tgz
30 verbose request uri https://registry.npmjs.org/ysfmodule
31 verbose request sending authorization for write operation
32 info attempt registry request try #1 at 15:08:43
33 verbose request using bearer token for auth
34 verbose request id e9a1caf1c4ab309c
35 http request PUT https://registry.npmjs.org/ysfmodule
36 http 403 https://registry.npmjs.org/ysfmodule
37 verbose headers { 'content-type': 'application/json',
37 verbose headers   'cache-control': 'max-age=300',
37 verbose headers   'content-length': '95',
37 verbose headers   'accept-ranges': 'bytes',
37 verbose headers   date: 'Fri, 14 Oct 2016 07:08:54 GMT',
37 verbose headers   via: '1.1 varnish',
37 verbose headers   connection: 'keep-alive',
37 verbose headers   'x-served-by': 'cache-itm7423-ITM',
37 verbose headers   'x-cache': 'MISS',
37 verbose headers   'x-cache-hits': '0',
37 verbose headers   'x-timer': 'S1476428933.768675,VS0,VE607',
37 verbose headers   vary: 'Accept-Encoding' }
38 verbose request invalidating /Users/jianfulee/.npm/registry.npmjs.org/ysfmodule on PUT
39 error publish Failed PUT 403
40 verbose stack Error: "You cannot publish over the previously published version 0.0.3." : ysfmodule
40 verbose stack     at makeError (/usr/local/lib/node_modules/npm/node_modules/npm-registry-client/lib/request.js:264:12)
40 verbose stack     at CachingRegistryClient.<anonymous> (/usr/local/lib/node_modules/npm/node_modules/npm-registry-client/lib/request.js:252:14)
40 verbose stack     at Request._callback (/usr/local/lib/node_modules/npm/node_modules/npm-registry-client/lib/request.js:172:14)
40 verbose stack     at Request.self.callback (/usr/local/lib/node_modules/npm/node_modules/request/request.js:200:22)
40 verbose stack     at emitTwo (events.js:106:13)
40 verbose stack     at Request.emit (events.js:191:7)
40 verbose stack     at Request.<anonymous> (/usr/local/lib/node_modules/npm/node_modules/request/request.js:1067:10)
40 verbose stack     at emitOne (events.js:101:20)
40 verbose stack     at Request.emit (events.js:188:7)
40 verbose stack     at IncomingMessage.<anonymous> (/usr/local/lib/node_modules/npm/node_modules/request/request.js:988:12)
41 verbose statusCode 403
42 verbose pkgid ysfmodule
43 verbose cwd /Users/jianfulee/Desktop/ysfmodule
44 error Darwin 15.3.0
45 error argv "/usr/local/bin/node" "/usr/local/bin/npm" "publish"
46 error node v6.5.0
47 error npm  v3.10.3
48 error code E403
49 error "You cannot publish over the previously published version 0.0.3." : ysfmodule
50 error If you need help, you may report this error at:
50 error     <https://github.com/npm/npm/issues>
51 verbose exit [ 1, true ]
